<?xml version="1.0" encoding="UTF-8"?>
<!-- Generated by org.testng.reporters.JUnitReportReporter -->
<testsuite hostname="BG4WS0570" name="New.NewTests" tests="1" failures="0" timestamp="2 Mar 2020 10:39:04 GMT" time="0.018" errors="0">
  <testcase name="testEasy" time="0.018" classname="New.NewTests"/>
</testsuite> <!-- New.NewTests -->
